<?xml version="1.0" encoding="UTF-8"?>
<!-- Generated by org.testng.reporters.JUnitReportReporter -->
<testsuite hostname="Kirans-MacBook-Air.local" failures="0" tests="3" name="tests.CapitalValidationUsingExcelTest" time="0.029" errors="0" timestamp="2025-05-06T19:42:27 IST" skipped="0">
  <testcase classname="tests.CapitalValidationUsingExcelTest" name="testCapital" time="0.008"/>
  <testcase classname="tests.CapitalValidationUsingExcelTest" name="testCapital" time="0.013"/>
  <testcase classname="tests.CapitalValidationUsingExcelTest" name="testCapital" time="0.008"/>
</testsuite> <!-- tests.CapitalValidationUsingExcelTest -->
