<?xml version="1.0" encoding="UTF-8"?>
<!-- Generated by org.testng.reporters.JUnitReportReporter -->
<testsuite hostname="Kirans-MacBook-Air.local" failures="0" tests="5" name="tests.CapitalCityTestNGTest" time="0.045" errors="0" timestamp="2025-05-06T16:26:45 IST" skipped="0">
  <testcase classname="tests.CapitalCityTestNGTest" name="verifyCapitalCity" time="0.007"/>
  <testcase classname="tests.CapitalCityTestNGTest" name="verifyCapitalCity" time="0.007"/>
  <testcase classname="tests.CapitalCityTestNGTest" name="verifyCapitalCity" time="0.008"/>
  <testcase classname="tests.CapitalCityTestNGTest" name="verifyCapitalCity" time="0.016"/>
  <testcase classname="tests.CapitalCityTestNGTest" name="verifyCapitalCity" time="0.007"/>
</testsuite> <!-- tests.CapitalCityTestNGTest -->
