<?xml version="1.0" encoding="UTF-8"?>
<!-- Generated by org.testng.reporters.JUnitReportReporter -->
<testsuite hostname="Kirans-MacBook-Air.local" failures="0" tests="5" name="tests.CapitalCityTestNGTest" time="0.059" errors="0" timestamp="2025-05-07T03:14:42 IST" skipped="0">
  <testcase classname="tests.CapitalCityTestNGTest" name="verifyCapitalCity" time="0.026"/>
  <testcase classname="tests.CapitalCityTestNGTest" name="verifyCapitalCity" time="0.008"/>
  <testcase classname="tests.CapitalCityTestNGTest" name="verifyCapitalCity" time="0.009"/>
  <testcase classname="tests.CapitalCityTestNGTest" name="verifyCapitalCity" time="0.007"/>
  <testcase classname="tests.CapitalCityTestNGTest" name="verifyCapitalCity" time="0.009"/>
</testsuite> <!-- tests.CapitalCityTestNGTest -->
